<?xml version="1.0" encoding="UTF-8"?>
<testng-results ignored="0" total="1" passed="1" failed="0" skipped="0">
  <reporter-output>
  </reporter-output>
  <suite started-at="2021-08-04T18:46:23 BST" name="Default suite" finished-at="2021-08-04T18:46:29 BST" duration-ms="5452">
    <groups>
    </groups>
    <test started-at="2021-08-04T18:46:23 BST" name="Default test" finished-at="2021-08-04T18:46:29 BST" duration-ms="5452">
      <class name="SeleniumCommands.Grid_WidgetTesting">
        <test-method is-config="true" signature="beforeTest()[pri:0, instance:SeleniumCommands.Grid_WidgetTesting@7fd50002]" started-at="2021-08-04T18:46:23 BST" name="beforeTest" finished-at="2021-08-04T18:46:25 BST" duration-ms="1497" status="PASS">
          <reporter-output>
          </reporter-output>
        </test-method> <!-- beforeTest -->
        <test-method signature="TestAccordion()[pri:0, instance:SeleniumCommands.Grid_WidgetTesting@7fd50002]" started-at="2021-08-04T18:46:25 BST" name="TestAccordion" finished-at="2021-08-04T18:46:28 BST" duration-ms="3127" status="PASS">
          <reporter-output>
          </reporter-output>
        </test-method> <!-- TestAccordion -->
        <test-method is-config="true" signature="afterTest()[pri:0, instance:SeleniumCommands.Grid_WidgetTesting@7fd50002]" started-at="2021-08-04T18:46:28 BST" name="afterTest" finished-at="2021-08-04T18:46:29 BST" duration-ms="804" status="PASS">
          <reporter-output>
          </reporter-output>
        </test-method> <!-- afterTest -->
      </class> <!-- SeleniumCommands.Grid_WidgetTesting -->
    </test> <!-- Default test -->
  </suite> <!-- Default suite -->
</testng-results>
