<?xml version="1.0" encoding="UTF-8"?>
<!-- Generated by org.testng.reporters.JUnitXMLReporter -->
<testsuite ignored="1" hostname="DESKTOP-3QTVSKC" failures="0" tests="1" name="Command line test" time="17.041" errors="0" timestamp="02 Aug 2021 17:04:49 GMT">
  <testcase classname="SeleniumCommands.BrowserTest" name="AlertForm" time="12.677"/>
  <testcase classname="SeleniumCommands.BrowserTest" name="PracticeForm" time="0.0">
    <ignored/>
  </testcase> <!-- PracticeForm -->
</testsuite> <!-- Command line test -->
