<?xml version="1.0" encoding="UTF-8"?>
<!-- Generated by org.testng.reporters.JUnitXMLReporter -->
<testsuite ignored="1" hostname="DESKTOP-3QTVSKC" failures="0" tests="1" name="Default test" time="3.349" errors="0" timestamp="2021-08-01T19:22:21 BST">
  <testcase classname="SeleniumCommands.BrowserTest" name="AlertForm" time="2.939"/>
  <testcase classname="SeleniumCommands.BrowserTest" name="PracticeForm" time="0.0">
    <ignored/>
  </testcase> <!-- PracticeForm -->
</testsuite> <!-- Default test -->
